<?xml version="1.0" encoding="UTF-8"?>
<!-- Generated by org.testng.reporters.JUnitReportReporter -->
<testsuite hostname="pallavi" failures="0" tests="1" name="xmlread.ExcelReading" time="0.785" errors="0" timestamp="21 Oct 2022 09:32:14 GMT" skipped="0">
  <testcase classname="xmlread.ExcelReading" name="Readsheetdetails" time="0.785"/>
</testsuite> <!-- xmlread.ExcelReading -->
